ccdc columns: 317
mult columns: 317

Ground state mulitplicities of the oxo comples
ABASEE    3 | ABASEE_1    1  /dicos_ui_home/tlankau/Structures/TingYi_Data/ABASEE_1/ABASEE-oxo_1_3_tpss_d4_lanl2dz_631gpol_Co3.opt.xyz
ABEDAO    4 | ABEDAO_0    0  /dicos_ui_home/tlankau/Structures/TingYi_Data/ABEDAO_0/ABEDAO-oxo_0_4_tpss_d4_lanl2dz_631gpol_Co2.opt.xyz
ABOSUH    3 | ABOSUH_2    2  /dicos_ui_home/tlankau/Structures/TingYi_Data/ABOSUH_2/ABOSUH-oxo_2_3_tpss_d4_lanl2dz_631gpol_Co3.opt.xyz
ACAHAO    2 | ACAHAO_1    1  /dicos_ui_home/tlankau/Structures/TingYi_Data/ACAHAO_1/ACAHAO-oxo_1_2_tpss_d4_lanl2dz_631gpol_Co2.opt.xyz
ACIGAV    4 | ACIGAV_1    1  /dicos_ui_home/tlankau/Structures/TingYi_Data/ACIGAV_1/ACIGAV-oxo_1_4_tpss_d4_lanl2dz_631gpol_Co2.opt.xyz
ACINUX    3 | ACINUX_2    2  /dicos_ui_home/tlankau/Structures/TingYi_Data/ACINUX_2/ACINUX-oxo_2_3_tpss_d4_lanl2dz_631gpol_Co3.opt.xyz
ACOZIE    3 | ACOZIE_2    2  /dicos_ui_home/tlankau/Structures/TingYi_Data/ACOZIE_2/ACOZIE-oxo_2_3_tpss_d4_lanl2dz_631gpol_Co3.opt.xyz
ACPICF    2 | ACPICF_0    0  /dicos_ui_home/tlankau/Structures/TingYi_Data/ACPICF_0/ACPICF-oxo_0_2_tpss_d4_lanl2dz_631gpol_Fe3.opt.xyz
ADAREF    3 | ADAREF_1    1  /dicos_ui_home/tlankau/Structures/TingYi_Data/ADAREF_1/ADAREF-oxo_1_3_tpss_d4_lanl2dz_631gpol_Fe2.opt.xyz
ADAROP    3 | ADAROP_1    1  /dicos_ui_home/tlankau/Structures/TingYi_Data/ADAROP_1/ADAROP-oxo_1_3_tpss_d4_lanl2dz_631gpol_Fe2.opt.xyz
ADEGIB    3 | ADEGIB_0    0  /dicos_ui_home/tlankau/Structures/TingYi_Data/ADEGIB_0/ADEGIB-oxo_0_3_tpss_d4_lanl2dz_631gpol_Co3.opt.xyz
ADEGUN    3 | ADEGUN_0    0  /dicos_ui_home/tlankau/Structures/TingYi_Data/ADEGUN_0/ADEGUN-oxo_0_3_tpss_d4_lanl2dz_631gpol_Co3.opt.xyz
ADEHIB    4 | ADEHIB_0    0  /dicos_ui_home/tlankau/Structures/TingYi_Data/ADEHIB_0/ADEHIB-oxo_0_4_tpss_d4_lanl2dz_631gpol_Mn2.opt.xyz
ADENCO10  3 | ADENCO10_2  2  /dicos_ui_home/tlankau/Structures/TingYi_Data/ADENCO10_2/ADENCO10-oxo_2_3_tpss_d4_lanl2dz_631gpol_Co3.opt.xyz
ADETCO    3 | ADETCO_2    2  /dicos_ui_home/tlankau/Structures/TingYi_Data/ADETCO_2/ADETCO-oxo_2_3_tpss_d4_lanl2dz_631gpol_Co3.opt.xyz
ADEVEN    3 | ADEVEN_1    1  /dicos_ui_home/tlankau/Structures/TingYi_Data/ADEVEN_1/ADEVEN-oxo_1_3_tpss_d4_lanl2dz_631gpol_Co3.opt.xyz
AFAROO    1 | AFAROO_2    2  /dicos_ui_home/tlankau/Structures/TingYi_Data/AFAROO_2/AFAROO-oxo_2_1_tpss_d4_lanl2dz_631gpol_Mn3.opt.xyz
AFAXIO    3 | AFAXIO_0    0  /dicos_ui_home/tlankau/Structures/TingYi_Data/AFAXIO_0/AFAXIO-oxo_0_3_tpss_d4_lanl2dz_631gpol_Mn3.opt.xyz
AFEWOA    1 | AFEWOA_2    2  /dicos_ui_home/tlankau/Structures/TingYi_Data/AFEWOA_2/AFEWOA-oxo_2_1_tpss_d4_lanl2dz_631gpol_Mn3.opt.xyz
AFULAO    3 | AFULAO_2    2  /dicos_ui_home/tlankau/Structures/TingYi_Data/AFULAO_2/AFULAO-oxo_2_3_tpss_d4_lanl2dz_631gpol_Co3.opt.xyz
AGAXIS    2 | AGAXIS_2    2  /dicos_ui_home/tlankau/Structures/TingYi_Data/AGAXIS_2/AGAXIS-oxo_2_2_tpss_d4_lanl2dz_631gpol_Co2.opt.xyz
AGIZEX    3 | AGIZEX_1    1  /dicos_ui_home/tlankau/Structures/TingYi_Data/AGIZEX_1/AGIZEX-oxo_1_3_tpss_d4_lanl2dz_631gpol_Fe2.opt.xyz
AGOBED    4 | AGOBED_2    2  /dicos_ui_home/tlankau/Structures/TingYi_Data/AGOBED_2/AGOBED-oxo_2_4_tpss_d4_lanl2dz_631gpol_Mn2.opt.xyz
AGODEG    3 | AGODEG_1    1  /dicos_ui_home/tlankau/Structures/TingYi_Data/AGODEG_1/AGODEG-oxo_1_3_tpss_d4_lanl2dz_631gpol_Co3.opt.xyz
AGUDOW    3 | AGUDOW_0    0  /dicos_ui_home/tlankau/Structures/TingYi_Data/AGUDOW_0/AGUDOW-oxo_0_3_tpss_d4_lanl2dz_631gpol_Fe2.opt.xyz
AGUDOY    2 | AGUDOY_1    1  /dicos_ui_home/tlankau/Structures/TingYi_Data/AGUDOY_1/AGUDOY-oxo_1_2_tpss_d4_lanl2dz_631gpol_Co2.opt.xyz
AGUGEO    3 | AGUGEO_1    1  /dicos_ui_home/tlankau/Structures/TingYi_Data/AGUGEO_1/AGUGEO-oxo_1_3_tpss_d4_lanl2dz_631gpol_Fe2.opt.xyz
AGULUL    4 | AGULUL_2    2  /dicos_ui_home/tlankau/Structures/TingYi_Data/AGULUL_2/AGULUL-oxo_2_4_tpss_d4_lanl2dz_631gpol_Fe3.opt.xyz
AHAJOK    4 | AHAJOK_1    1  /dicos_ui_home/tlankau/Structures/TingYi_Data/AHAJOK_1/AHAJOK-oxo_1_4_tpss_d4_lanl2dz_631gpol_Co2.opt.xyz
AJAVEO    2 | AJAVEO_1    1  /dicos_ui_home/tlankau/Structures/TingYi_Data/AJAVEO_1/AJAVEO-oxo_1_2_tpss_d4_lanl2dz_631gpol_Co2.opt.xyz
AJEVIU    4 | AJEVIU_0    0  /dicos_ui_home/tlankau/Structures/TingYi_Data/AJEVIU_0/AJEVIU-oxo_0_4_tpss_d4_lanl2dz_631gpol_Fe3.opt.xyz
AJIMAI    3 | AJIMAI_0    0  /dicos_ui_home/tlankau/Structures/TingYi_Data/AJIMAI_0/AJIMAI-oxo_0_3_tpss_d4_lanl2dz_631gpol_Mn3.opt.xyz
AJONUJ    3 | AJONUJ_1    1  /dicos_ui_home/tlankau/Structures/TingYi_Data/AJONUJ_1/AJONUJ-oxo_1_3_tpss_d4_lanl2dz_631gpol_Co3.opt.xyz
AJUMUP    3 | AJUMUP_0    0  /dicos_ui_home/tlankau/Structures/TingYi_Data/AJUMUP_0/AJUMUP-oxo_0_3_tpss_d4_lanl2dz_631gpol_Co3.opt.xyz
AKEMUY    3 | AKEMUY_1    1  /dicos_ui_home/tlankau/Structures/TingYi_Data/AKEMUY_1/AKEMUY-oxo_1_3_tpss_d4_lanl2dz_631gpol_Fe2.opt.xyz
AKENAF    3 | AKENAF_1    1  /dicos_ui_home/tlankau/Structures/TingYi_Data/AKENAF_1/AKENAF-oxo_1_3_tpss_d4_lanl2dz_631gpol_Fe2.opt.xyz
AKITET    4 | AKITET_2    2  /dicos_ui_home/tlankau/Structures/TingYi_Data/AKITET_2/AKITET-oxo_2_4_tpss_d4_lanl2dz_631gpol_Mn2.opt.xyz
AKONEW    3 | AKONEW_1    1  /dicos_ui_home/tlankau/Structures/TingYi_Data/AKONEW_1/AKONEW-oxo_1_3_tpss_d4_lanl2dz_631gpol_Co3.opt.xyz
ALEFOP    4 | ALEFOP_0    0  /dicos_ui_home/tlankau/Structures/TingYi_Data/ALEFOP_0/ALEFOP-oxo_0_4_tpss_d4_lanl2dz_631gpol_Co2.opt.xyz
ALITEV    4 | ALITEV_1    1  /dicos_ui_home/tlankau/Structures/TingYi_Data/ALITEV_1/ALITEV-oxo_1_4_tpss_d4_lanl2dz_631gpol_Co2.opt.xyz
ALIYEZ    3 | ALIYEZ_1    1  /dicos_ui_home/tlankau/Structures/TingYi_Data/ALIYEZ_1/ALIYEZ-oxo_1_3_tpss_d4_lanl2dz_631gpol_Mn3.opt.xyz
ALIYOJ    3 | ALIYOJ_1    1  /dicos_ui_home/tlankau/Structures/TingYi_Data/ALIYOJ_1/ALIYOJ-oxo_1_3_tpss_d4_lanl2dz_631gpol_Mn3.opt.xyz
ALUMAW    4 | ALUMAW_1    1  /dicos_ui_home/tlankau/Structures/TingYi_Data/ALUMAW_1/ALUMAW-oxo_1_4_tpss_d4_lanl2dz_631gpol_Co2.opt.xyz
AMALCO10  3 | AMALCO10_3  3  /dicos_ui_home/tlankau/Structures/TingYi_Data/AMALCO10_3/AMALCO10-oxo_3_3_tpss_d4_lanl2dz_631gpol_Co3.opt.xyz
AMCOAC10  3 | AMCOAC10_2  2  /dicos_ui_home/tlankau/Structures/TingYi_Data/AMCOAC10_2/AMCOAC10-oxo_2_3_tpss_d4_lanl2dz_631gpol_Co3.opt.xyz
AMCPCO    3 | AMCPCO_2    2  /dicos_ui_home/tlankau/Structures/TingYi_Data/AMCPCO_2/AMCPCO-oxo_2_3_tpss_d4_lanl2dz_631gpol_Co3.opt.xyz
AMGZCO    3 | AMGZCO_2    2  /dicos_ui_home/tlankau/Structures/TingYi_Data/AMGZCO_2/AMGZCO-oxo_2_3_tpss_d4_lanl2dz_631gpol_Co3.opt.xyz
AMIGAG    4 | AMIGAG_0    0  /dicos_ui_home/tlankau/Structures/TingYi_Data/AMIGAG_0/AMIGAG-oxo_0_4_tpss_d4_lanl2dz_631gpol_Co2.opt.xyz
AMIQES    4 | AMIQES_1    1  /dicos_ui_home/tlankau/Structures/TingYi_Data/AMIQES_1/AMIQES-oxo_1_4_tpss_d4_lanl2dz_631gpol_Mn2.opt.xyz
ANEGIK    3 | ANEGIK_2    2  /dicos_ui_home/tlankau/Structures/TingYi_Data/ANEGIK_2/ANEGIK-oxo_2_3_tpss_d4_lanl2dz_631gpol_Co3.opt.xyz
ANUMOO    2 | ANUMOO_0    0  /dicos_ui_home/tlankau/Structures/TingYi_Data/ANUMOO_0/ANUMOO-oxo_0_2_tpss_d4_lanl2dz_631gpol_Co2.opt.xyz
APUVAK    2 | APUVAK_2    2  /dicos_ui_home/tlankau/Structures/TingYi_Data/APUVAK_2/APUVAK-oxo_2_2_tpss_d4_lanl2dz_631gpol_Co2.opt.xyz
AQELUE    4 | AQELUE_0    0  /dicos_ui_home/tlankau/Structures/TingYi_Data/AQELUE_0/AQELUE-oxo_0_4_tpss_d4_lanl2dz_631gpol_Mn2.opt.xyz
AQIXAA    3 | AQIXAA_2    2  /dicos_ui_home/tlankau/Structures/TingYi_Data/AQIXAA_2/AQIXAA-oxo_2_3_tpss_d4_lanl2dz_631gpol_Co3.opt.xyz
AQOGAP    4 | AQOGAP_1    1  /dicos_ui_home/tlankau/Structures/TingYi_Data/AQOGAP_1/AQOGAP-oxo_1_4_tpss_d4_lanl2dz_631gpol_Fe3.opt.xyz
AQOGET    4 | AQOGET_1    1  /dicos_ui_home/tlankau/Structures/TingYi_Data/AQOGET_1/AQOGET-oxo_1_4_tpss_d4_lanl2dz_631gpol_Fe3.opt.xyz
AQOGIX    4 | AQOGIX_1    1  /dicos_ui_home/tlankau/Structures/TingYi_Data/AQOGIX_1/AQOGIX-oxo_1_4_tpss_d4_lanl2dz_631gpol_Fe3.opt.xyz
AQUNOP    2 | AQUNOP_1    1  /dicos_ui_home/tlankau/Structures/TingYi_Data/AQUNOP_1/AQUNOP-oxo_1_2_tpss_d4_lanl2dz_631gpol_Mn2.opt.xyz
AQUWEP    3 | AQUWEP_1    1  /dicos_ui_home/tlankau/Structures/TingYi_Data/AQUWEP_1/AQUWEP-oxo_1_3_tpss_d4_lanl2dz_631gpol_Fe2.opt.xyz
ARAHAE    3 | ARAHAE_2    2  /dicos_ui_home/tlankau/Structures/TingYi_Data/ARAHAE_2/ARAHAE-oxo_2_3_tpss_d4_lanl2dz_631gpol_Co3.opt.xyz
ARAHEI    3 | ARAHEI_2    2  /dicos_ui_home/tlankau/Structures/TingYi_Data/ARAHEI_2/ARAHEI-oxo_2_3_tpss_d4_lanl2dz_631gpol_Co3.opt.xyz
ASEREW    3 | ASEREW_2    2  /dicos_ui_home/tlankau/Structures/TingYi_Data/ASEREW_2/ASEREW-oxo_2_3_tpss_d4_lanl2dz_631gpol_Fe2.opt.xyz
ASIYOQ    3 | ASIYOQ_1    1  /dicos_ui_home/tlankau/Structures/TingYi_Data/ASIYOQ_1/ASIYOQ-oxo_1_3_tpss_d4_lanl2dz_631gpol_Fe2.opt.xyz
ASOVOT    4 | ASOVOT_1    1  /dicos_ui_home/tlankau/Structures/TingYi_Data/ASOVOT_1/ASOVOT-oxo_1_4_tpss_d4_lanl2dz_631gpol_Mn2.opt.xyz
ASUKAA    2 | ASUKAA_1    1  /dicos_ui_home/tlankau/Structures/TingYi_Data/ASUKAA_1/ASUKAA-oxo_1_2_tpss_d4_lanl2dz_631gpol_Co2.opt.xyz
ATAPOC    4 | ATAPOC_2    2  /dicos_ui_home/tlankau/Structures/TingYi_Data/ATAPOC_2/ATAPOC-oxo_2_4_tpss_d4_lanl2dz_631gpol_Co2.opt.xyz
ATAVEY01  3 | ATAVEY01_1  1  /dicos_ui_home/tlankau/Structures/TingYi_Data/ATAVEY01_1/ATAVEY01-oxo_1_3_tpss_d4_lanl2dz_631gpol_Fe2.opt.xyz
ATOFAS    4 | ATOFAS_0    0  /dicos_ui_home/tlankau/Structures/TingYi_Data/ATOFAS_0/ATOFAS-oxo_0_4_tpss_d4_lanl2dz_631gpol_Fe3.opt.xyz
ATOFOG    4 | ATOFOG_2    2  /dicos_ui_home/tlankau/Structures/TingYi_Data/ATOFOG_2/ATOFOG-oxo_2_4_tpss_d4_lanl2dz_631gpol_Fe3.opt.xyz
ATOFUM    4 | ATOFUM_2    2  /dicos_ui_home/tlankau/Structures/TingYi_Data/ATOFUM_2/ATOFUM-oxo_2_4_tpss_d4_lanl2dz_631gpol_Fe3.opt.xyz
ATOQIL    3 | ATOQIL_0    0  /dicos_ui_home/tlankau/Structures/TingYi_Data/ATOQIL_0/ATOQIL-oxo_0_3_tpss_d4_lanl2dz_631gpol_Mn3.opt.xyz
AVAZUV    3 | AVAZUV_0    0  /dicos_ui_home/tlankau/Structures/TingYi_Data/AVAZUV_0/AVAZUV-oxo_0_3_tpss_d4_lanl2dz_631gpol_Fe2.opt.xyz
AVEWUU    3 | AVEWUU_1    1  /dicos_ui_home/tlankau/Structures/TingYi_Data/AVEWUU_1/AVEWUU-oxo_1_3_tpss_d4_lanl2dz_631gpol_Fe2.opt.xyz
AVINUO    3 | AVINUO_2    2  /dicos_ui_home/tlankau/Structures/TingYi_Data/AVINUO_2/AVINUO-oxo_2_3_tpss_d4_lanl2dz_631gpol_Fe2.opt.xyz
AVIVIL    3 | AVIVIL_1    1  /dicos_ui_home/tlankau/Structures/TingYi_Data/AVIVIL_1/AVIVIL-oxo_1_3_tpss_d4_lanl2dz_631gpol_Fe2.opt.xyz
AVODUK    3 | AVODUK_3    3  /dicos_ui_home/tlankau/Structures/TingYi_Data/AVODUK_3/AVODUK-oxo_3_3_tpss_d4_lanl2dz_631gpol_Co3.opt.xyz
AWETIG    3 | AWETIG_2    2  /dicos_ui_home/tlankau/Structures/TingYi_Data/AWETIG_2/AWETIG-oxo_2_3_tpss_d4_lanl2dz_631gpol_Fe2.opt.xyz
AWETUU    3 | AWETUU_1    1  /dicos_ui_home/tlankau/Structures/TingYi_Data/AWETUU_1/AWETUU-oxo_1_3_tpss_d4_lanl2dz_631gpol_Fe2.opt.xyz
AWIGES    4 | AWIGES_1    1  /dicos_ui_home/tlankau/Structures/TingYi_Data/AWIGES_1/AWIGES-oxo_1_4_tpss_d4_lanl2dz_631gpol_Mn2.opt.xyz
AWURAL    3 | AWURAL_0    0  /dicos_ui_home/tlankau/Structures/TingYi_Data/AWURAL_0/AWURAL-oxo_0_3_tpss_d4_lanl2dz_631gpol_Co3.opt.xyz
AWUREP    3 | AWUREP_0    0  /dicos_ui_home/tlankau/Structures/TingYi_Data/AWUREP_0/AWUREP-oxo_0_3_tpss_d4_lanl2dz_631gpol_Co3.opt.xyz
AXAJUE    2 | AXAJUE_1    1  /dicos_ui_home/tlankau/Structures/TingYi_Data/AXAJUE_1/AXAJUE-oxo_1_2_tpss_d4_lanl2dz_631gpol_Mn2.opt.xyz
AXIKUN    3 | AXIKUN_3    3  /dicos_ui_home/tlankau/Structures/TingYi_Data/AXIKUN_3/AXIKUN-oxo_3_3_tpss_d4_lanl2dz_631gpol_Co3.opt.xyz
AXUQOB    3 | AXUQOB_2    2  /dicos_ui_home/tlankau/Structures/TingYi_Data/AXUQOB_2/AXUQOB-oxo_2_3_tpss_d4_lanl2dz_631gpol_Fe2.opt.xyz
AXUZAV    3 | AXUZAV_0    0  /dicos_ui_home/tlankau/Structures/TingYi_Data/AXUZAV_0/AXUZAV-oxo_0_3_tpss_d4_lanl2dz_631gpol_Mn3.opt.xyz
AYIBUI    3 | AYIBUI_0    0  /dicos_ui_home/tlankau/Structures/TingYi_Data/AYIBUI_0/AYIBUI-oxo_0_3_tpss_d4_lanl2dz_631gpol_Fe2.opt.xyz
AYICIX    3 | AYICIX_0    0  /dicos_ui_home/tlankau/Structures/TingYi_Data/AYICIX_0/AYICIX-oxo_0_3_tpss_d4_lanl2dz_631gpol_Fe2.opt.xyz
AYIPEE    2 | AYIPEE_1    1  /dicos_ui_home/tlankau/Structures/TingYi_Data/AYIPEE_1/AYIPEE-oxo_1_2_tpss_d4_lanl2dz_631gpol_Co2.opt.xyz
AYIPOQ    4 | AYIPOQ_1    1  /dicos_ui_home/tlankau/Structures/TingYi_Data/AYIPOQ_1/AYIPOQ-oxo_1_4_tpss_d4_lanl2dz_631gpol_Co2.opt.xyz
AYODAU    4 | AYODAU_1    1  /dicos_ui_home/tlankau/Structures/TingYi_Data/AYODAU_1/AYODAU-oxo_1_4_tpss_d4_lanl2dz_631gpol_Co2.opt.xyz
AYOLIK    4 | AYOLIK_0    0  /dicos_ui_home/tlankau/Structures/TingYi_Data/AYOLIK_0/AYOLIK-oxo_0_4_tpss_d4_lanl2dz_631gpol_Co2.opt.xyz
AZAYUV    3 | AZAYUV_1    1  /dicos_ui_home/tlankau/Structures/TingYi_Data/AZAYUV_1/AZAYUV-oxo_1_3_tpss_d4_lanl2dz_631gpol_Co3.opt.xyz
AZIPIJ    4 | AZIPIJ_0    0  /dicos_ui_home/tlankau/Structures/TingYi_Data/AZIPIJ_0/AZIPIJ-oxo_0_4_tpss_d4_lanl2dz_631gpol_Co2.opt.xyz
AZMTCO    3 | AZMTCO_2    2  /dicos_ui_home/tlankau/Structures/TingYi_Data/AZMTCO_2/AZMTCO-oxo_2_3_tpss_d4_lanl2dz_631gpol_Co3.opt.xyz
AZOFAX    2 | AZOFAX_1    1  /dicos_ui_home/tlankau/Structures/TingYi_Data/AZOFAX_1/AZOFAX-oxo_1_2_tpss_d4_lanl2dz_631gpol_Mn2.opt.xyz
AZULIQ    4 | AZULIQ_1    1  /dicos_ui_home/tlankau/Structures/TingYi_Data/AZULIQ_1/AZULIQ-oxo_1_4_tpss_d4_lanl2dz_631gpol_Mn2.opt.xyz
BACNID    2 | BACNID_0    0  /dicos_ui_home/tlankau/Structures/TingYi_Data/BACNID_0/BACNID-oxo_0_2_tpss_d4_lanl2dz_631gpol_Co2.opt.xyz
BACNOJ    2 | BACNOJ_0    0  /dicos_ui_home/tlankau/Structures/TingYi_Data/BACNOJ_0/BACNOJ-oxo_0_2_tpss_d4_lanl2dz_631gpol_Co2.opt.xyz
BADDAN    4 | BADDAN_1    1  /dicos_ui_home/tlankau/Structures/TingYi_Data/BADDAN_1/BADDAN-oxo_1_4_tpss_d4_lanl2dz_631gpol_Mn2.opt.xyz
BADDER    2 | BADDER_1    1  /dicos_ui_home/tlankau/Structures/TingYi_Data/BADDER_1/BADDER-oxo_1_2_tpss_d4_lanl2dz_631gpol_Mn2.opt.xyz
BAFHUN    3 | BAFHUN_2    2  /dicos_ui_home/tlankau/Structures/TingYi_Data/BAFHUN_2/BAFHUN-oxo_2_3_tpss_d4_lanl2dz_631gpol_Fe2.opt.xyz
BAFKOL    3 | BAFKOL_1    1  /dicos_ui_home/tlankau/Structures/TingYi_Data/BAFKOL_1/BAFKOL-oxo_1_3_tpss_d4_lanl2dz_631gpol_Mn3.opt.xyz
BAFTAG    2 | BAFTAG_1    1  /dicos_ui_home/tlankau/Structures/TingYi_Data/BAFTAG_1/BAFTAG-oxo_1_2_tpss_d4_lanl2dz_631gpol_Mn2.opt.xyz
BAHYIS    3 | BAHYIS_2    2  /dicos_ui_home/tlankau/Structures/TingYi_Data/BAHYIS_2/BAHYIS-oxo_2_3_tpss_d4_lanl2dz_631gpol_Fe2.opt.xyz
BAJKED    3 | BAJKED_1    1  /dicos_ui_home/tlankau/Structures/TingYi_Data/BAJKED_1/BAJKED-oxo_1_3_tpss_d4_lanl2dz_631gpol_Fe2.opt.xyz
BAJKIH    3 | BAJKIH_1    1  /dicos_ui_home/tlankau/Structures/TingYi_Data/BAJKIH_1/BAJKIH-oxo_1_3_tpss_d4_lanl2dz_631gpol_Fe2.opt.xyz
BAJKON    3 | BAJKON_2    2  /dicos_ui_home/tlankau/Structures/TingYi_Data/BAJKON_2/BAJKON-oxo_2_3_tpss_d4_lanl2dz_631gpol_Fe2.opt.xyz
BAKPUC    4 | BAKPUC_1    1  /dicos_ui_home/tlankau/Structures/TingYi_Data/BAKPUC_1/BAKPUC-oxo_1_4_tpss_d4_lanl2dz_631gpol_Co2.opt.xyz
BAKQAJ    4 | BAKQAJ_1    1  /dicos_ui_home/tlankau/Structures/TingYi_Data/BAKQAJ_1/BAKQAJ-oxo_1_4_tpss_d4_lanl2dz_631gpol_Co2.opt.xyz
BAKQOX    4 | BAKQOX_1    1  /dicos_ui_home/tlankau/Structures/TingYi_Data/BAKQOX_1/BAKQOX-oxo_1_4_tpss_d4_lanl2dz_631gpol_Co2.opt.xyz
BAKQUD    4 | BAKQUD_1    1  /dicos_ui_home/tlankau/Structures/TingYi_Data/BAKQUD_1/BAKQUD-oxo_1_4_tpss_d4_lanl2dz_631gpol_Co2.opt.xyz
BALCOJ    1 | BALCOJ_0    0  /dicos_ui_home/tlankau/Structures/TingYi_Data/BALCOJ_0/BALCOJ-oxo_0_1_tpss_d4_lanl2dz_631gpol_Mn3.opt.xyz
BAMJAB    3 | BAMJAB_1    1  /dicos_ui_home/tlankau/Structures/TingYi_Data/BAMJAB_1/BAMJAB-oxo_1_3_tpss_d4_lanl2dz_631gpol_Co3.opt.xyz
BANQOZ    3 | BANQOZ_0    0  /dicos_ui_home/tlankau/Structures/TingYi_Data/BANQOZ_0/BANQOZ-oxo_0_3_tpss_d4_lanl2dz_631gpol_Fe2.opt.xyz
BANQUF    3 | BANQUF_0    0  /dicos_ui_home/tlankau/Structures/TingYi_Data/BANQUF_0/BANQUF-oxo_0_3_tpss_d4_lanl2dz_631gpol_Fe2.opt.xyz
BANSEQ    3 | BANSEQ_0    0  /dicos_ui_home/tlankau/Structures/TingYi_Data/BANSEQ_0/BANSEQ-oxo_0_3_tpss_d4_lanl2dz_631gpol_Fe2.opt.xyz
BAPCIF    3 | BAPCIF_2    2  /dicos_ui_home/tlankau/Structures/TingYi_Data/BAPCIF_2/BAPCIF-oxo_2_3_tpss_d4_lanl2dz_631gpol_Fe2.opt.xyz
BAPCOL    4 | BAPCOL_2    2  /dicos_ui_home/tlankau/Structures/TingYi_Data/BAPCOL_2/BAPCOL-oxo_2_4_tpss_d4_lanl2dz_631gpol_Fe3.opt.xyz
BAPKIM    5 | BAPKIM_1    1  /dicos_ui_home/tlankau/Structures/TingYi_Data/BAPKIM_1/BAPKIM-oxo_1_5_tpss_d4_lanl2dz_631gpol_Co3.opt.xyz
BARKUC    3 | BARKUC_2    2  /dicos_ui_home/tlankau/Structures/TingYi_Data/BARKUC_2/BARKUC-oxo_2_3_tpss_d4_lanl2dz_631gpol_Mn3.opt.xyz
BARLAJ    3 | BARLAJ_2    2  /dicos_ui_home/tlankau/Structures/TingYi_Data/BARLAJ_2/BARLAJ-oxo_2_3_tpss_d4_lanl2dz_631gpol_Mn3.opt.xyz
BAWSOH    3 | BAWSOH_1    1  /dicos_ui_home/tlankau/Structures/TingYi_Data/BAWSOH_1/BAWSOH-oxo_1_3_tpss_d4_lanl2dz_631gpol_Fe2.opt.xyz
BAXXAB    3 | BAXXAB_1    1  /dicos_ui_home/tlankau/Structures/TingYi_Data/BAXXAB_1/BAXXAB-oxo_1_3_tpss_d4_lanl2dz_631gpol_Fe2.opt.xyz
BAYDEL    3 | BAYDEL_0    0  /dicos_ui_home/tlankau/Structures/TingYi_Data/BAYDEL_0/BAYDEL-oxo_0_3_tpss_d4_lanl2dz_631gpol_Fe2.opt.xyz
BAYDIP    3 | BAYDIP_0    0  /dicos_ui_home/tlankau/Structures/TingYi_Data/BAYDIP_0/BAYDIP-oxo_0_3_tpss_d4_lanl2dz_631gpol_Fe2.opt.xyz
BAYLAQ    3 | BAYLAQ_1    1  /dicos_ui_home/tlankau/Structures/TingYi_Data/BAYLAQ_1/BAYLAQ-oxo_1_3_tpss_d4_lanl2dz_631gpol_Fe2.opt.xyz
BAYZEH    3 | BAYZEH_1    1  /dicos_ui_home/tlankau/Structures/TingYi_Data/BAYZEH_1/BAYZEH-oxo_1_3_tpss_d4_lanl2dz_631gpol_Fe2.opt.xyz
BAZPIE    4 | BAZPIE_1    1  /dicos_ui_home/tlankau/Structures/TingYi_Data/BAZPIE_1/BAZPIE-oxo_1_4_tpss_d4_lanl2dz_631gpol_Fe3.opt.xyz
BAZYOT    4 | BAZYOT_1    1  /dicos_ui_home/tlankau/Structures/TingYi_Data/BAZYOT_1/BAZYOT-oxo_1_4_tpss_d4_lanl2dz_631gpol_Fe3.opt.xyz
BAZZAG    4 | BAZZAG_1    1  /dicos_ui_home/tlankau/Structures/TingYi_Data/BAZZAG_1/BAZZAG-oxo_1_4_tpss_d4_lanl2dz_631gpol_Fe3.opt.xyz
BEBFUL    3 | BEBFUL_0    0  /dicos_ui_home/tlankau/Structures/TingYi_Data/BEBFUL_0/BEBFUL-oxo_0_3_tpss_d4_lanl2dz_631gpol_Co3.opt.xyz
BEBPEE    4 | BEBPEE_1    1  /dicos_ui_home/tlankau/Structures/TingYi_Data/BEBPEE_1/BEBPEE-oxo_1_4_tpss_d4_lanl2dz_631gpol_Mn2.opt.xyz
BEBQEF    3 | BEBQEF_2    2  /dicos_ui_home/tlankau/Structures/TingYi_Data/BEBQEF_2/BEBQEF-oxo_2_3_tpss_d4_lanl2dz_631gpol_Co3.opt.xyz
BEBQOP    3 | BEBQOP_2    2  /dicos_ui_home/tlankau/Structures/TingYi_Data/BEBQOP_2/BEBQOP-oxo_2_3_tpss_d4_lanl2dz_631gpol_Co3.opt.xyz
BEFNEI    3 | BEFNEI_1    1  /dicos_ui_home/tlankau/Structures/TingYi_Data/BEFNEI_1/BEFNEI-oxo_1_3_tpss_d4_lanl2dz_631gpol_Fe2.opt.xyz
BEFNIM    3 | BEFNIM_1    1  /dicos_ui_home/tlankau/Structures/TingYi_Data/BEFNIM_1/BEFNIM-oxo_1_3_tpss_d4_lanl2dz_631gpol_Fe2.opt.xyz
BEFNOS    3 | BEFNOS_1    1  /dicos_ui_home/tlankau/Structures/TingYi_Data/BEFNOS_1/BEFNOS-oxo_1_3_tpss_d4_lanl2dz_631gpol_Fe2.opt.xyz
BEFXIT    3 | BEFXIT_2    2  /dicos_ui_home/tlankau/Structures/TingYi_Data/BEFXIT_2/BEFXIT-oxo_2_3_tpss_d4_lanl2dz_631gpol_Co3.opt.xyz
BEGQEM    4 | BEGQEM_0    0  /dicos_ui_home/tlankau/Structures/TingYi_Data/BEGQEM_0/BEGQEM-oxo_0_4_tpss_d4_lanl2dz_631gpol_Fe3.opt.xyz
BEGXOB    3 | BEGXOB_1    1  /dicos_ui_home/tlankau/Structures/TingYi_Data/BEGXOB_1/BEGXOB-oxo_1_3_tpss_d4_lanl2dz_631gpol_Fe2.opt.xyz
BEHRAH    4 | BEHRAH_2    2  /dicos_ui_home/tlankau/Structures/TingYi_Data/BEHRAH_2/BEHRAH-oxo_2_4_tpss_d4_lanl2dz_631gpol_Co2.opt.xyz
BEMXAU    4 | BEMXAU_1    1  /dicos_ui_home/tlankau/Structures/TingYi_Data/BEMXAU_1/BEMXAU-oxo_1_4_tpss_d4_lanl2dz_631gpol_Mn2.opt.xyz
BENVIZ    2 | BENVIZ_3    3  /dicos_ui_home/tlankau/Structures/TingYi_Data/BENVIZ_3/BENVIZ-oxo_3_2_tpss_d4_lanl2dz_631gpol_Fe3.opt.xyz
BEPTIA    3 | BEPTIA_0    0  /dicos_ui_home/tlankau/Structures/TingYi_Data/BEPTIA_0/BEPTIA-oxo_0_3_tpss_d4_lanl2dz_631gpol_Mn3.opt.xyz
BEQDAE    1 | BEQDAE_0    0  /dicos_ui_home/tlankau/Structures/TingYi_Data/BEQDAE_0/BEQDAE-oxo_0_1_tpss_d4_lanl2dz_631gpol_Mn3.opt.xyz
BEQDEH    4 | BEQDEH_0    0  /dicos_ui_home/tlankau/Structures/TingYi_Data/BEQDEH_0/BEQDEH-oxo_0_4_tpss_d4_lanl2dz_631gpol_Co2.opt.xyz
BERJUG    4 | BERJUG_1    1  /dicos_ui_home/tlankau/Structures/TingYi_Data/BERJUG_1/BERJUG-oxo_1_4_tpss_d4_lanl2dz_631gpol_Mn2.opt.xyz
BERROF    4 | BERROF_2    2  /dicos_ui_home/tlankau/Structures/TingYi_Data/BERROF_2/BERROF-oxo_2_4_tpss_d4_lanl2dz_631gpol_Fe3.opt.xyz
BEXHER    3 | BEXHER_3    3  /dicos_ui_home/tlankau/Structures/TingYi_Data/BEXHER_3/BEXHER-oxo_3_3_tpss_d4_lanl2dz_631gpol_Co3.opt.xyz
BEXNEZ    3 | BEXNEZ_3    3  /dicos_ui_home/tlankau/Structures/TingYi_Data/BEXNEZ_3/BEXNEZ-oxo_3_3_tpss_d4_lanl2dz_631gpol_Co3.opt.xyz
BEZJUN    4 | BEZJUN_1    1  /dicos_ui_home/tlankau/Structures/TingYi_Data/BEZJUN_1/BEZJUN-oxo_1_4_tpss_d4_lanl2dz_631gpol_Co2.opt.xyz
BEZZEN    3 | BEZZEN_1    1  /dicos_ui_home/tlankau/Structures/TingYi_Data/BEZZEN_1/BEZZEN-oxo_1_3_tpss_d4_lanl2dz_631gpol_Mn3.opt.xyz
BICCEW    4 | BICCEW_0    0  /dicos_ui_home/tlankau/Structures/TingYi_Data/BICCEW_0/BICCEW-oxo_0_4_tpss_d4_lanl2dz_631gpol_Fe3.opt.xyz
BIGFIH    3 | BIGFIH_2    2  /dicos_ui_home/tlankau/Structures/TingYi_Data/BIGFIH_2/BIGFIH-oxo_2_3_tpss_d4_lanl2dz_631gpol_Co3.opt.xyz
BIPDEL    2 | BIPDEL_0    0  /dicos_ui_home/tlankau/Structures/TingYi_Data/BIPDEL_0/BIPDEL-oxo_0_2_tpss_d4_lanl2dz_631gpol_Co2.opt.xyz
BIRJUJ    4 | BIRJUJ_0    0  /dicos_ui_home/tlankau/Structures/TingYi_Data/BIRJUJ_0/BIRJUJ-oxo_0_4_tpss_d4_lanl2dz_631gpol_Mn2.opt.xyz
BIRKAQ    4 | BIRKAQ_0    0  /dicos_ui_home/tlankau/Structures/TingYi_Data/BIRKAQ_0/BIRKAQ-oxo_0_4_tpss_d4_lanl2dz_631gpol_Mn2.opt.xyz
BIRKOF    2 | BIRKOF_1    1  /dicos_ui_home/tlankau/Structures/TingYi_Data/BIRKOF_1/BIRKOF-oxo_1_2_tpss_d4_lanl2dz_631gpol_Co2.opt.xyz
BIZBES    3 | BIZBES_0    0  /dicos_ui_home/tlankau/Structures/TingYi_Data/BIZBES_0/BIZBES-oxo_0_3_tpss_d4_lanl2dz_631gpol_Mn3.opt.xyz
BOCYOK    3 | BOCYOK_1    1  /dicos_ui_home/tlankau/Structures/TingYi_Data/BOCYOK_1/BOCYOK-oxo_1_3_tpss_d4_lanl2dz_631gpol_Fe2.opt.xyz
BODQES    3 | BODQES_0    0  /dicos_ui_home/tlankau/Structures/TingYi_Data/BODQES_0/BODQES-oxo_0_3_tpss_d4_lanl2dz_631gpol_Co3.opt.xyz
BOFLIT    3 | BOFLIT_0    0  /dicos_ui_home/tlankau/Structures/TingYi_Data/BOFLIT_0/BOFLIT-oxo_0_3_tpss_d4_lanl2dz_631gpol_Mn3.opt.xyz
BOFLOZ    3 | BOFLOZ_0    0  /dicos_ui_home/tlankau/Structures/TingYi_Data/BOFLOZ_0/BOFLOZ-oxo_0_3_tpss_d4_lanl2dz_631gpol_Mn3.opt.xyz
BOJGAJ    3 | BOJGAJ_2    2  /dicos_ui_home/tlankau/Structures/TingYi_Data/BOJGAJ_2/BOJGAJ-oxo_2_3_tpss_d4_lanl2dz_631gpol_Co3.opt.xyz
BOJLUI    3 | BOJLUI_1    1  /dicos_ui_home/tlankau/Structures/TingYi_Data/BOJLUI_1/BOJLUI-oxo_1_3_tpss_d4_lanl2dz_631gpol_Fe2.opt.xyz
BOJMAP    3 | BOJMAP_1    1  /dicos_ui_home/tlankau/Structures/TingYi_Data/BOJMAP_1/BOJMAP-oxo_1_3_tpss_d4_lanl2dz_631gpol_Fe2.opt.xyz
BOJXUT    4 | BOJXUT_2    2  /dicos_ui_home/tlankau/Structures/TingYi_Data/BOJXUT_2/BOJXUT-oxo_2_4_tpss_d4_lanl2dz_631gpol_Mn2.opt.xyz
BOKGUG    4 | BOKGUG_1    1  /dicos_ui_home/tlankau/Structures/TingYi_Data/BOKGUG_1/BOKGUG-oxo_1_4_tpss_d4_lanl2dz_631gpol_Co2.opt.xyz
BOMXAC10  4 | BOMXAC10_0  0  /dicos_ui_home/tlankau/Structures/TingYi_Data/BOMXAC10_0/BOMXAC10-oxo_0_4_tpss_d4_lanl2dz_631gpol_Fe3.opt.xyz
BOPWEI    3 | BOPWEI_3    3  /dicos_ui_home/tlankau/Structures/TingYi_Data/BOPWEI_3/BOPWEI-oxo_3_3_tpss_d4_lanl2dz_631gpol_Mn3.opt.xyz
BOTBIX    3 | BOTBIX_0    0  /dicos_ui_home/tlankau/Structures/TingYi_Data/BOTBIX_0/BOTBIX-oxo_0_3_tpss_d4_lanl2dz_631gpol_Co3.opt.xyz
BOWNIL    3 | BOWNIL_1    1  /dicos_ui_home/tlankau/Structures/TingYi_Data/BOWNIL_1/BOWNIL-oxo_1_3_tpss_d4_lanl2dz_631gpol_Fe2.opt.xyz
BOXNOT    4 | BOXNOT_1    1  /dicos_ui_home/tlankau/Structures/TingYi_Data/BOXNOT_1/BOXNOT-oxo_1_4_tpss_d4_lanl2dz_631gpol_Fe3.opt.xyz
BOZWAQ    2 | BOZWAQ_2    2  /dicos_ui_home/tlankau/Structures/TingYi_Data/BOZWAQ_2/BOZWAQ-oxo_2_2_tpss_d4_lanl2dz_631gpol_Co2.opt.xyz
BPYCXC    2 | BPYCXC_0    0  /dicos_ui_home/tlankau/Structures/TingYi_Data/BPYCXC_0/BPYCXC-oxo_0_2_tpss_d4_lanl2dz_631gpol_Co2.opt.xyz
BPYMNA    2 | BPYMNA_1    1  /dicos_ui_home/tlankau/Structures/TingYi_Data/BPYMNA_1/BPYMNA-oxo_1_2_tpss_d4_lanl2dz_631gpol_Mn2.opt.xyz
BPYMNB    2 | BPYMNB_1    1  /dicos_ui_home/tlankau/Structures/TingYi_Data/BPYMNB_1/BPYMNB-oxo_1_2_tpss_d4_lanl2dz_631gpol_Co2.opt.xyz
BREACO    3 | BREACO_2    2  /dicos_ui_home/tlankau/Structures/TingYi_Data/BREACO_2/BREACO-oxo_2_3_tpss_d4_lanl2dz_631gpol_Co3.opt.xyz
BUBGAI    4 | BUBGAI_2    2  /dicos_ui_home/tlankau/Structures/TingYi_Data/BUBGAI_2/BUBGAI-oxo_2_4_tpss_d4_lanl2dz_631gpol_Mn2.opt.xyz
BUBGEM    4 | BUBGEM_2    2  /dicos_ui_home/tlankau/Structures/TingYi_Data/BUBGEM_2/BUBGEM-oxo_2_4_tpss_d4_lanl2dz_631gpol_Mn2.opt.xyz
BUDHOY    3 | BUDHOY_3    3  /dicos_ui_home/tlankau/Structures/TingYi_Data/BUDHOY_3/BUDHOY-oxo_3_3_tpss_d4_lanl2dz_631gpol_Co3.opt.xyz
BUJJAR    2 | BUJJAR_2    2  /dicos_ui_home/tlankau/Structures/TingYi_Data/BUJJAR_2/BUJJAR-oxo_2_2_tpss_d4_lanl2dz_631gpol_Co2.opt.xyz
BUKBIT    2 | BUKBIT_1    1  /dicos_ui_home/tlankau/Structures/TingYi_Data/BUKBIT_1/BUKBIT-oxo_1_2_tpss_d4_lanl2dz_631gpol_Mn2.opt.xyz
BUKFAR    4 | BUKFAR_0    0  /dicos_ui_home/tlankau/Structures/TingYi_Data/BUKFAR_0/BUKFAR-oxo_0_4_tpss_d4_lanl2dz_631gpol_Co2.opt.xyz
BUKRAB    3 | BUKRAB_2    2  /dicos_ui_home/tlankau/Structures/TingYi_Data/BUKRAB_2/BUKRAB-oxo_2_3_tpss_d4_lanl2dz_631gpol_Fe2.opt.xyz
BUKVAF    3 | BUKVAF_0    0  /dicos_ui_home/tlankau/Structures/TingYi_Data/BUKVAF_0/BUKVAF-oxo_0_3_tpss_d4_lanl2dz_631gpol_Fe2.opt.xyz
BUNLOM    4 | BUNLOM_1    1  /dicos_ui_home/tlankau/Structures/TingYi_Data/BUNLOM_1/BUNLOM-oxo_1_4_tpss_d4_lanl2dz_631gpol_Mn2.opt.xyz
BUNMED    4 | BUNMED_1    1  /dicos_ui_home/tlankau/Structures/TingYi_Data/BUNMED_1/BUNMED-oxo_1_4_tpss_d4_lanl2dz_631gpol_Mn2.opt.xyz
BUQVOZ    3 | BUQVOZ_1    1  /dicos_ui_home/tlankau/Structures/TingYi_Data/BUQVOZ_1/BUQVOZ-oxo_1_3_tpss_d4_lanl2dz_631gpol_Fe2.opt.xyz
BUQWAM    3 | BUQWAM_1    1  /dicos_ui_home/tlankau/Structures/TingYi_Data/BUQWAM_1/BUQWAM-oxo_1_3_tpss_d4_lanl2dz_631gpol_Fe2.opt.xyz
BUSVAO    3 | BUSVAO_2    2  /dicos_ui_home/tlankau/Structures/TingYi_Data/BUSVAO_2/BUSVAO-oxo_2_3_tpss_d4_lanl2dz_631gpol_Fe2.opt.xyz
CABPEA    4 | CABPEA_2    2  /dicos_ui_home/tlankau/Structures/TingYi_Data/CABPEA_2/CABPEA-oxo_2_4_tpss_d4_lanl2dz_631gpol_Mn2.opt.xyz
CABXIO    3 | CABXIO_1    1  /dicos_ui_home/tlankau/Structures/TingYi_Data/CABXIO_1/CABXIO-oxo_1_3_tpss_d4_lanl2dz_631gpol_Fe2.opt.xyz
CABXOU    3 | CABXOU_1    1  /dicos_ui_home/tlankau/Structures/TingYi_Data/CABXOU_1/CABXOU-oxo_1_3_tpss_d4_lanl2dz_631gpol_Fe2.opt.xyz
CABXUA    3 | CABXUA_1    1  /dicos_ui_home/tlankau/Structures/TingYi_Data/CABXUA_1/CABXUA-oxo_1_3_tpss_d4_lanl2dz_631gpol_Fe2.opt.xyz
CAFNIG    4 | CAFNIG_1    1  /dicos_ui_home/tlankau/Structures/TingYi_Data/CAFNIG_1/CAFNIG-oxo_1_4_tpss_d4_lanl2dz_631gpol_Fe3.opt.xyz
CAGCAS    4 | CAGCAS_1    1  /dicos_ui_home/tlankau/Structures/TingYi_Data/CAGCAS_1/CAGCAS-oxo_1_4_tpss_d4_lanl2dz_631gpol_Mn2.opt.xyz
CAHGAW    2 | CAHGAW_1    1  /dicos_ui_home/tlankau/Structures/TingYi_Data/CAHGAW_1/CAHGAW-oxo_1_2_tpss_d4_lanl2dz_631gpol_Mn2.opt.xyz
CAJVIV    2 | CAJVIV_1    1  /dicos_ui_home/tlankau/Structures/TingYi_Data/CAJVIV_1/CAJVIV-oxo_1_2_tpss_d4_lanl2dz_631gpol_Co2.opt.xyz
CAKLOQ    4 | CAKLOQ_0    0  /dicos_ui_home/tlankau/Structures/TingYi_Data/CAKLOQ_0/CAKLOQ-oxo_0_4_tpss_d4_lanl2dz_631gpol_Co2.opt.xyz
CAPZAW    4 | CAPZAW_0    0  /dicos_ui_home/tlankau/Structures/TingYi_Data/CAPZAW_0/CAPZAW-oxo_0_4_tpss_d4_lanl2dz_631gpol_Fe3.opt.xyz
CAPZIE    4 | CAPZIE_0    0  /dicos_ui_home/tlankau/Structures/TingYi_Data/CAPZIE_0/CAPZIE-oxo_0_4_tpss_d4_lanl2dz_631gpol_Fe3.opt.xyz
CAPZUQ    4 | CAPZUQ_0    0  /dicos_ui_home/tlankau/Structures/TingYi_Data/CAPZUQ_0/CAPZUQ-oxo_0_4_tpss_d4_lanl2dz_631gpol_Fe3.opt.xyz
CATBAA    3 | CATBAA_1    1  /dicos_ui_home/tlankau/Structures/TingYi_Data/CATBAA_1/CATBAA-oxo_1_3_tpss_d4_lanl2dz_631gpol_Co3.opt.xyz
CAVDOS    4 | CAVDOS_2    2  /dicos_ui_home/tlankau/Structures/TingYi_Data/CAVDOS_2/CAVDOS-oxo_2_4_tpss_d4_lanl2dz_631gpol_Fe3.opt.xyz
CAVDOS06  4 | CAVDOS06_2  2  /dicos_ui_home/tlankau/Structures/TingYi_Data/CAVDOS06_2/CAVDOS06-oxo_2_4_tpss_d4_lanl2dz_631gpol_Fe3.opt.xyz
CAVKUJ    3 | CAVKUJ_0    0  /dicos_ui_home/tlankau/Structures/TingYi_Data/CAVKUJ_0/CAVKUJ-oxo_0_3_tpss_d4_lanl2dz_631gpol_Fe2.opt.xyz
CAVYIJ    4 | CAVYIJ_1    1  /dicos_ui_home/tlankau/Structures/TingYi_Data/CAVYIJ_1/CAVYIJ-oxo_1_4_tpss_d4_lanl2dz_631gpol_Co2.opt.xyz
CAWWOP    4 | CAWWOP_2    2  /dicos_ui_home/tlankau/Structures/TingYi_Data/CAWWOP_2/CAWWOP-oxo_2_4_tpss_d4_lanl2dz_631gpol_Mn2.opt.xyz
CAWWUV    4 | CAWWUV_2    2  /dicos_ui_home/tlankau/Structures/TingYi_Data/CAWWUV_2/CAWWUV-oxo_2_4_tpss_d4_lanl2dz_631gpol_Mn2.opt.xyz
CAXBOT    2 | CAXBOT_0    0  /dicos_ui_home/tlankau/Structures/TingYi_Data/CAXBOT_0/CAXBOT-oxo_0_2_tpss_d4_lanl2dz_631gpol_Co2.opt.xyz
CAXLIW    4 | CAXLIW_0    0  /dicos_ui_home/tlankau/Structures/TingYi_Data/CAXLIW_0/CAXLIW-oxo_0_4_tpss_d4_lanl2dz_631gpol_Fe3.opt.xyz
CAXTUR    4 | CAXTUR_1    1  /dicos_ui_home/tlankau/Structures/TingYi_Data/CAXTUR_1/CAXTUR-oxo_1_4_tpss_d4_lanl2dz_631gpol_Mn2.opt.xyz
CAXVAZ    3 | CAXVAZ_2    2  /dicos_ui_home/tlankau/Structures/TingYi_Data/CAXVAZ_2/CAXVAZ-oxo_2_3_tpss_d4_lanl2dz_631gpol_Mn3.opt.xyz
CAZHIW    4 | CAZHIW_0    0  /dicos_ui_home/tlankau/Structures/TingYi_Data/CAZHIW_0/CAZHIW-oxo_0_4_tpss_d4_lanl2dz_631gpol_Co2.opt.xyz
CAZOCO    3 | CAZOCO_3    3  /dicos_ui_home/tlankau/Structures/TingYi_Data/CAZOCO_3/CAZOCO-oxo_3_3_tpss_d4_lanl2dz_631gpol_Co3.opt.xyz
CBAPFE    4 | CBAPFE_0    0  /dicos_ui_home/tlankau/Structures/TingYi_Data/CBAPFE_0/CBAPFE-oxo_0_4_tpss_d4_lanl2dz_631gpol_Fe3.opt.xyz
CBENCO    4 | CBENCO_1    1  /dicos_ui_home/tlankau/Structures/TingYi_Data/CBENCO_1/CBENCO-oxo_1_4_tpss_d4_lanl2dz_631gpol_Co2.opt.xyz
CEBMUS    4 | CEBMUS_2    2  /dicos_ui_home/tlankau/Structures/TingYi_Data/CEBMUS_2/CEBMUS-oxo_2_4_tpss_d4_lanl2dz_631gpol_Fe3.opt.xyz
CECVUD    3 | CECVUD_1    1  /dicos_ui_home/tlankau/Structures/TingYi_Data/CECVUD_1/CECVUD-oxo_1_3_tpss_d4_lanl2dz_631gpol_Fe2.opt.xyz
CEDVEN    3 | CEDVEN_0    0  /dicos_ui_home/tlankau/Structures/TingYi_Data/CEDVEN_0/CEDVEN-oxo_0_3_tpss_d4_lanl2dz_631gpol_Co3.opt.xyz
CEDVUF    4 | CEDVUF_0    0  /dicos_ui_home/tlankau/Structures/TingYi_Data/CEDVUF_0/CEDVUF-oxo_0_4_tpss_d4_lanl2dz_631gpol_Mn2.opt.xyz
CEFPUY10  2 | CEFPUY10_1  1  /dicos_ui_home/tlankau/Structures/TingYi_Data/CEFPUY10_1/CEFPUY10-oxo_1_2_tpss_d4_lanl2dz_631gpol_Mn2.opt.xyz
CEHXOF    4 | CEHXOF_1    1  /dicos_ui_home/tlankau/Structures/TingYi_Data/CEHXOF_1/CEHXOF-oxo_1_4_tpss_d4_lanl2dz_631gpol_Co2.opt.xyz
CEHXOG    3 | CEHXOG_1    1  /dicos_ui_home/tlankau/Structures/TingYi_Data/CEHXOG_1/CEHXOG-oxo_1_3_tpss_d4_lanl2dz_631gpol_Fe2.opt.xyz
CEHXUM    3 | CEHXUM_1    1  /dicos_ui_home/tlankau/Structures/TingYi_Data/CEHXUM_1/CEHXUM-oxo_1_3_tpss_d4_lanl2dz_631gpol_Fe2.opt.xyz
CEKNAH    4 | CEKNAH_0    0  /dicos_ui_home/tlankau/Structures/TingYi_Data/CEKNAH_0/CEKNAH-oxo_0_4_tpss_d4_lanl2dz_631gpol_Fe3.opt.xyz
CELHOS    4 | CELHOS_1    1  /dicos_ui_home/tlankau/Structures/TingYi_Data/CELHOS_1/CELHOS-oxo_1_4_tpss_d4_lanl2dz_631gpol_Fe3.opt.xyz
CEMGUX    3 | CEMGUX_2    2  /dicos_ui_home/tlankau/Structures/TingYi_Data/CEMGUX_2/CEMGUX-oxo_2_3_tpss_d4_lanl2dz_631gpol_Fe2.opt.xyz
CEPJAL    4 | CEPJAL_2    2  /dicos_ui_home/tlankau/Structures/TingYi_Data/CEPJAL_2/CEPJAL-oxo_2_4_tpss_d4_lanl2dz_631gpol_Co2.opt.xyz
CETACO    3 | CETACO_2    2  /dicos_ui_home/tlankau/Structures/TingYi_Data/CETACO_2/CETACO-oxo_2_3_tpss_d4_lanl2dz_631gpol_Co3.opt.xyz
CEVXOT    3 | CEVXOT_1    1  /dicos_ui_home/tlankau/Structures/TingYi_Data/CEVXOT_1/CEVXOT-oxo_1_3_tpss_d4_lanl2dz_631gpol_Fe2.opt.xyz
CIBKIK    3 | CIBKIK_0    0  /dicos_ui_home/tlankau/Structures/TingYi_Data/CIBKIK_0/CIBKIK-oxo_0_3_tpss_d4_lanl2dz_631gpol_Mn3.opt.xyz
CICWAP    4 | CICWAP_1    1  /dicos_ui_home/tlankau/Structures/TingYi_Data/CICWAP_1/CICWAP-oxo_1_4_tpss_d4_lanl2dz_631gpol_Mn2.opt.xyz
CICWIV    4 | CICWIV_0    0  /dicos_ui_home/tlankau/Structures/TingYi_Data/CICWIV_0/CICWIV-oxo_0_4_tpss_d4_lanl2dz_631gpol_Co2.opt.xyz
CIDJUX    4 | CIDJUX_1    1  /dicos_ui_home/tlankau/Structures/TingYi_Data/CIDJUX_1/CIDJUX-oxo_1_4_tpss_d4_lanl2dz_631gpol_Mn2.opt.xyz
CIDKAE    4 | CIDKAE_1    1  /dicos_ui_home/tlankau/Structures/TingYi_Data/CIDKAE_1/CIDKAE-oxo_1_4_tpss_d4_lanl2dz_631gpol_Mn2.opt.xyz
CIDKEI    4 | CIDKEI_1    1  /dicos_ui_home/tlankau/Structures/TingYi_Data/CIDKEI_1/CIDKEI-oxo_1_4_tpss_d4_lanl2dz_631gpol_Mn2.opt.xyz
CIFPIQ    3 | CIFPIQ_2    2  /dicos_ui_home/tlankau/Structures/TingYi_Data/CIFPIQ_2/CIFPIQ-oxo_2_3_tpss_d4_lanl2dz_631gpol_Co3.opt.xyz
CIJBUT    3 | CIJBUT_4    4  /dicos_ui_home/tlankau/Structures/TingYi_Data/CIJBUT_4/CIJBUT-oxo_4_3_tpss_d4_lanl2dz_631gpol_Fe2.opt.xyz
CIKZON    1 | CIKZON_-1   -1  /dicos_ui_home/tlankau/Structures/TingYi_Data/CIKZON_-1/CIKZON-oxo_-1_1_tpss_d4_lanl2dz_631gpol_Mn3.opt.xyz
CILZIJ    2 | CILZIJ_1    1  /dicos_ui_home/tlankau/Structures/TingYi_Data/CILZIJ_1/CILZIJ-oxo_1_2_tpss_d4_lanl2dz_631gpol_Co2.opt.xyz
CIQVUW    3 | CIQVUW_2    2  /dicos_ui_home/tlankau/Structures/TingYi_Data/CIQVUW_2/CIQVUW-oxo_2_3_tpss_d4_lanl2dz_631gpol_Co3.opt.xyz
CLAZCO10  3 | CLAZCO10_2  2  /dicos_ui_home/tlankau/Structures/TingYi_Data/CLAZCO10_2/CLAZCO10-oxo_2_3_tpss_d4_lanl2dz_631gpol_Co3.opt.xyz
CLENCO    3 | CLENCO_2    2  /dicos_ui_home/tlankau/Structures/TingYi_Data/CLENCO_2/CLENCO-oxo_2_3_tpss_d4_lanl2dz_631gpol_Co3.opt.xyz
COBWEX    3 | COBWEX_1    1  /dicos_ui_home/tlankau/Structures/TingYi_Data/COBWEX_1/COBWEX-oxo_1_3_tpss_d4_lanl2dz_631gpol_Fe2.opt.xyz
COKKIX    2 | COKKIX_0    0  /dicos_ui_home/tlankau/Structures/TingYi_Data/COKKIX_0/COKKIX-oxo_0_2_tpss_d4_lanl2dz_631gpol_Fe3.opt.xyz
COKYEJ    2 | COKYEJ_1    1  /dicos_ui_home/tlankau/Structures/TingYi_Data/COKYEJ_1/COKYEJ-oxo_1_2_tpss_d4_lanl2dz_631gpol_Mn2.opt.xyz
COLDIS    1 | COLDIS_0    0  /dicos_ui_home/tlankau/Structures/TingYi_Data/COLDIS_0/COLDIS-oxo_0_1_tpss_d4_lanl2dz_631gpol_Mn3.opt.xyz
COMLAS    2 | COMLAS_2    2  /dicos_ui_home/tlankau/Structures/TingYi_Data/COMLAS_2/COMLAS-oxo_2_2_tpss_d4_lanl2dz_631gpol_Co2.opt.xyz
COPQAA    5 | COPQAA_1    1  /dicos_ui_home/tlankau/Structures/TingYi_Data/COPQAA_1/COPQAA-oxo_1_5_tpss_d4_lanl2dz_631gpol_Co3.opt.xyz
COSBIX    3 | COSBIX_1    1  /dicos_ui_home/tlankau/Structures/TingYi_Data/COSBIX_1/COSBIX-oxo_1_3_tpss_d4_lanl2dz_631gpol_Fe2.opt.xyz
COTREN    3 | COTREN_2    2  /dicos_ui_home/tlankau/Structures/TingYi_Data/COTREN_2/COTREN-oxo_2_3_tpss_d4_lanl2dz_631gpol_Co3.opt.xyz
COWVIV    4 | COWVIV_0    0  /dicos_ui_home/tlankau/Structures/TingYi_Data/COWVIV_0/COWVIV-oxo_0_4_tpss_d4_lanl2dz_631gpol_Mn2.opt.xyz
COXPAG    2 | COXPAG_0    0  /dicos_ui_home/tlankau/Structures/TingYi_Data/COXPAG_0/COXPAG-oxo_0_2_tpss_d4_lanl2dz_631gpol_Co2.opt.xyz
CPYFEM    3 | CPYFEM_0    0  /dicos_ui_home/tlankau/Structures/TingYi_Data/CPYFEM_0/CPYFEM-oxo_0_3_tpss_d4_lanl2dz_631gpol_Fe2.opt.xyz
CTAZCO10  3 | CTAZCO10_2  2  /dicos_ui_home/tlankau/Structures/TingYi_Data/CTAZCO10_2/CTAZCO10-oxo_2_3_tpss_d4_lanl2dz_631gpol_Co3.opt.xyz
CTHUCO10  2 | CTHUCO10_1  1  /dicos_ui_home/tlankau/Structures/TingYi_Data/CTHUCO10_1/CTHUCO10-oxo_1_2_tpss_d4_lanl2dz_631gpol_Co2.opt.xyz
CTPMNP    1 | CTPMNP_0    0  /dicos_ui_home/tlankau/Structures/TingYi_Data/CTPMNP_0/CTPMNP-oxo_0_1_tpss_d4_lanl2dz_631gpol_Mn3.opt.xyz
CUJNUQ    4 | CUJNUQ_0    0  /dicos_ui_home/tlankau/Structures/TingYi_Data/CUJNUQ_0/CUJNUQ-oxo_0_4_tpss_d4_lanl2dz_631gpol_Mn2.opt.xyz
CUKLUP    5 | CUKLUP_1    1  /dicos_ui_home/tlankau/Structures/TingYi_Data/CUKLUP_1/CUKLUP-oxo_1_5_tpss_d4_lanl2dz_631gpol_Co3.opt.xyz
CUKMIF    4 | CUKMIF_1    1  /dicos_ui_home/tlankau/Structures/TingYi_Data/CUKMIF_1/CUKMIF-oxo_1_4_tpss_d4_lanl2dz_631gpol_Mn2.opt.xyz
CUKMOL    3 | CUKMOL_1    1  /dicos_ui_home/tlankau/Structures/TingYi_Data/CUKMOL_1/CUKMOL-oxo_1_3_tpss_d4_lanl2dz_631gpol_Fe2.opt.xyz
CUNBAQ    3 | CUNBAQ_0    0  /dicos_ui_home/tlankau/Structures/TingYi_Data/CUNBAQ_0/CUNBAQ-oxo_0_3_tpss_d4_lanl2dz_631gpol_Mn3.opt.xyz
CUPJOO    4 | CUPJOO_0    0  /dicos_ui_home/tlankau/Structures/TingYi_Data/CUPJOO_0/CUPJOO-oxo_0_4_tpss_d4_lanl2dz_631gpol_Co2.opt.xyz
CURPUA    3 | CURPUA_1    1  /dicos_ui_home/tlankau/Structures/TingYi_Data/CURPUA_1/CURPUA-oxo_1_3_tpss_d4_lanl2dz_631gpol_Fe2.opt.xyz
CUSCOI    3 | CUSCOI_1    1  /dicos_ui_home/tlankau/Structures/TingYi_Data/CUSCOI_1/CUSCOI-oxo_1_3_tpss_d4_lanl2dz_631gpol_Co3.opt.xyz
CUSVOC    2 | CUSVOC_1    1  /dicos_ui_home/tlankau/Structures/TingYi_Data/CUSVOC_1/CUSVOC-oxo_1_2_tpss_d4_lanl2dz_631gpol_Mn2.opt.xyz
CUXRAR    3 | CUXRAR_2    2  /dicos_ui_home/tlankau/Structures/TingYi_Data/CUXRAR_2/CUXRAR-oxo_2_3_tpss_d4_lanl2dz_631gpol_Fe2.opt.xyz
CUXREV    3 | CUXREV_2    2  /dicos_ui_home/tlankau/Structures/TingYi_Data/CUXREV_2/CUXREV-oxo_2_3_tpss_d4_lanl2dz_631gpol_Fe2.opt.xyz
CUXRIZ    3 | CUXRIZ_2    2  /dicos_ui_home/tlankau/Structures/TingYi_Data/CUXRIZ_2/CUXRIZ-oxo_2_3_tpss_d4_lanl2dz_631gpol_Fe2.opt.xyz
DABCEO    2 | DABCEO_2    2  /dicos_ui_home/tlankau/Structures/TingYi_Data/DABCEO_2/DABCEO-oxo_2_2_tpss_d4_lanl2dz_631gpol_Fe3.opt.xyz
DACRIK    4 | DACRIK_1    1  /dicos_ui_home/tlankau/Structures/TingYi_Data/DACRIK_1/DACRIK-oxo_1_4_tpss_d4_lanl2dz_631gpol_Co2.opt.xyz
DADHIB    3 | DADHIB_1    1  /dicos_ui_home/tlankau/Structures/TingYi_Data/DADHIB_1/DADHIB-oxo_1_3_tpss_d4_lanl2dz_631gpol_Fe2.opt.xyz
DAJHOO    3 | DAJHOO_1    1  /dicos_ui_home/tlankau/Structures/TingYi_Data/DAJHOO_1/DAJHOO-oxo_1_3_tpss_d4_lanl2dz_631gpol_Co3.opt.xyz
DAJRAH    3 | DAJRAH_2    2  /dicos_ui_home/tlankau/Structures/TingYi_Data/DAJRAH_2/DAJRAH-oxo_2_3_tpss_d4_lanl2dz_631gpol_Fe2.opt.xyz
DAKROA    2 | DAKROA_1    1  /dicos_ui_home/tlankau/Structures/TingYi_Data/DAKROA_1/DAKROA-oxo_1_2_tpss_d4_lanl2dz_631gpol_Fe3.opt.xyz
DAQHEM    3 | DAQHEM_1    1  /dicos_ui_home/tlankau/Structures/TingYi_Data/DAQHEM_1/DAQHEM-oxo_1_3_tpss_d4_lanl2dz_631gpol_Fe2.opt.xyz
DAQHOT    2 | DAQHOT_0    0  /dicos_ui_home/tlankau/Structures/TingYi_Data/DAQHOT_0/DAQHOT-oxo_0_2_tpss_d4_lanl2dz_631gpol_Fe3.opt.xyz
DASBIM    3 | DASBIM_2    2  /dicos_ui_home/tlankau/Structures/TingYi_Data/DASBIM_2/DASBIM-oxo_2_3_tpss_d4_lanl2dz_631gpol_Fe2.opt.xyz
DEDKII    3 | DEDKII_1    1  /dicos_ui_home/tlankau/Structures/TingYi_Data/DEDKII_1/DEDKII-oxo_1_3_tpss_d4_lanl2dz_631gpol_Fe2.opt.xyz
DEDKUU    3 | DEDKUU_1    1  /dicos_ui_home/tlankau/Structures/TingYi_Data/DEDKUU_1/DEDKUU-oxo_1_3_tpss_d4_lanl2dz_631gpol_Fe2.opt.xyz
DEDLUV    3 | DEDLUV_1    1  /dicos_ui_home/tlankau/Structures/TingYi_Data/DEDLUV_1/DEDLUV-oxo_1_3_tpss_d4_lanl2dz_631gpol_Fe2.opt.xyz
DEVNEY    3 | DEVNEY_0    0  /dicos_ui_home/tlankau/Structures/TingYi_Data/DEVNEY_0/DEVNEY-oxo_0_3_tpss_d4_lanl2dz_631gpol_Mn3.opt.xyz
DOMLUN    4 | DOMLUN_1    1  /dicos_ui_home/tlankau/Structures/TingYi_Data/DOMLUN_1/DOMLUN-oxo_1_4_tpss_d4_lanl2dz_631gpol_Fe3.opt.xyz
DOMNAV    3 | DOMNAV_1    1  /dicos_ui_home/tlankau/Structures/TingYi_Data/DOMNAV_1/DOMNAV-oxo_1_3_tpss_d4_lanl2dz_631gpol_Fe2.opt.xyz
DOPTAD    4 | DOPTAD_0    0  /dicos_ui_home/tlankau/Structures/TingYi_Data/DOPTAD_0/DOPTAD-oxo_0_4_tpss_d4_lanl2dz_631gpol_Mn2.opt.xyz
DUCFAJ    2 | DUCFAJ_1    1  /dicos_ui_home/tlankau/Structures/TingYi_Data/DUCFAJ_1/DUCFAJ-oxo_1_2_tpss_d4_lanl2dz_631gpol_Co2.opt.xyz
DUGPAX    3 | DUGPAX_1    1  /dicos_ui_home/tlankau/Structures/TingYi_Data/DUGPAX_1/DUGPAX-oxo_1_3_tpss_d4_lanl2dz_631gpol_Fe2.opt.xyz
DUHMEZ    3 | DUHMEZ_2    2  /dicos_ui_home/tlankau/Structures/TingYi_Data/DUHMEZ_2/DUHMEZ-oxo_2_3_tpss_d4_lanl2dz_631gpol_Co3.opt.xyz
DUKYAJ    3 | DUKYAJ_1    1  /dicos_ui_home/tlankau/Structures/TingYi_Data/DUKYAJ_1/DUKYAJ-oxo_1_3_tpss_d4_lanl2dz_631gpol_Fe2.opt.xyz
DUMPOQ    3 | DUMPOQ_0    0  /dicos_ui_home/tlankau/Structures/TingYi_Data/DUMPOQ_0/DUMPOQ-oxo_0_3_tpss_d4_lanl2dz_631gpol_Co3.opt.xyz
DURXEV    3 | DURXEV_1    1  /dicos_ui_home/tlankau/Structures/TingYi_Data/DURXEV_1/DURXEV-oxo_1_3_tpss_d4_lanl2dz_631gpol_Fe2.opt.xyz
EBEYER    4 | EBEYER_1    1  /dicos_ui_home/tlankau/Structures/TingYi_Data/EBEYER_1/EBEYER-oxo_1_4_tpss_d4_lanl2dz_631gpol_Co2.opt.xyz
EBOROC    3 | EBOROC_2    2  /dicos_ui_home/tlankau/Structures/TingYi_Data/EBOROC_2/EBOROC-oxo_2_3_tpss_d4_lanl2dz_631gpol_Fe2.opt.xyz
ELUXUG    2 | ELUXUG_2    2  /dicos_ui_home/tlankau/Structures/TingYi_Data/ELUXUG_2/ELUXUG-oxo_2_2_tpss_d4_lanl2dz_631gpol_Co2.opt.xyz
EMULUT    3 | EMULUT_1    1  /dicos_ui_home/tlankau/Structures/TingYi_Data/EMULUT_1/EMULUT-oxo_1_3_tpss_d4_lanl2dz_631gpol_Fe2.opt.xyz
EPEKIU    4 | EPEKIU_1    1  /dicos_ui_home/tlankau/Structures/TingYi_Data/EPEKIU_1/EPEKIU-oxo_1_4_tpss_d4_lanl2dz_631gpol_Mn2.opt.xyz
EPOSOS    2 | EPOSOS_2    2  /dicos_ui_home/tlankau/Structures/TingYi_Data/EPOSOS_2/EPOSOS-oxo_2_2_tpss_d4_lanl2dz_631gpol_Co2.opt.xyz
ERUSOC    4 | ERUSOC_1    1  /dicos_ui_home/tlankau/Structures/TingYi_Data/ERUSOC_1/ERUSOC-oxo_1_4_tpss_d4_lanl2dz_631gpol_Mn2.opt.xyz
ESAHOV    4 | ESAHOV_0    0  /dicos_ui_home/tlankau/Structures/TingYi_Data/ESAHOV_0/ESAHOV-oxo_0_4_tpss_d4_lanl2dz_631gpol_Fe3.opt.xyz
ETIGUK    2 | ETIGUK_2    2  /dicos_ui_home/tlankau/Structures/TingYi_Data/ETIGUK_2/ETIGUK-oxo_2_2_tpss_d4_lanl2dz_631gpol_Mn2.opt.xyz
ETOHEB    3 | ETOHEB_1    1  /dicos_ui_home/tlankau/Structures/TingYi_Data/ETOHEB_1/ETOHEB-oxo_1_3_tpss_d4_lanl2dz_631gpol_Fe2.opt.xyz
ETOHIF    3 | ETOHIF_1    1  /dicos_ui_home/tlankau/Structures/TingYi_Data/ETOHIF_1/ETOHIF-oxo_1_3_tpss_d4_lanl2dz_631gpol_Fe2.opt.xyz
ETUCIG    4 | ETUCIG_1    1  /dicos_ui_home/tlankau/Structures/TingYi_Data/ETUCIG_1/ETUCIG-oxo_1_4_tpss_d4_lanl2dz_631gpol_Mn2.opt.xyz
FEWRIK    3 | FEWRIK_2    2  /dicos_ui_home/tlankau/Structures/TingYi_Data/FEWRIK_2/FEWRIK-oxo_2_3_tpss_d4_lanl2dz_631gpol_Fe2.opt.xyz
FULSEK    3 | FULSEK_0    0  /dicos_ui_home/tlankau/Structures/TingYi_Data/FULSEK_0/FULSEK-oxo_0_3_tpss_d4_lanl2dz_631gpol_Co3.opt.xyz
GIBDUS    3 | GIBDUS_0    0  /dicos_ui_home/tlankau/Structures/TingYi_Data/GIBDUS_0/GIBDUS-oxo_0_3_tpss_d4_lanl2dz_631gpol_Mn3.opt.xyz
GOGRUQ    3 | GOGRUQ_1    1  /dicos_ui_home/tlankau/Structures/TingYi_Data/GOGRUQ_1/GOGRUQ-oxo_1_3_tpss_d4_lanl2dz_631gpol_Co3.opt.xyz
HIQGEU    4 | HIQGEU_1    1  /dicos_ui_home/tlankau/Structures/TingYi_Data/HIQGEU_1/HIQGEU-oxo_1_4_tpss_d4_lanl2dz_631gpol_Mn2.opt.xyz
IGEVEW    3 | IGEVEW_2    2  /dicos_ui_home/tlankau/Structures/TingYi_Data/IGEVEW_2/IGEVEW-oxo_2_3_tpss_d4_lanl2dz_631gpol_Co3.opt.xyz
KIPGAR    4 | KIPGAR_0    0  /dicos_ui_home/tlankau/Structures/TingYi_Data/KIPGAR_0/KIPGAR-oxo_0_4_tpss_d4_lanl2dz_631gpol_Mn2.opt.xyz
MEPDAN    2 | MEPDAN_1    1  /dicos_ui_home/tlankau/Structures/TingYi_Data/MEPDAN_1/MEPDAN-oxo_1_2_tpss_d4_lanl2dz_631gpol_Mn2.opt.xyz
OBONOK    4 | OBONOK_1    1  /dicos_ui_home/tlankau/Structures/TingYi_Data/OBONOK_1/OBONOK-oxo_1_4_tpss_d4_lanl2dz_631gpol_Co2.opt.xyz
OCINIX    2 | OCINIX_2    2  /dicos_ui_home/tlankau/Structures/TingYi_Data/OCINIX_2/OCINIX-oxo_2_2_tpss_d4_lanl2dz_631gpol_Mn2.opt.xyz
QUNHIS    4 | QUNHIS_1    1  /dicos_ui_home/tlankau/Structures/TingYi_Data/QUNHIS_1/QUNHIS-oxo_1_4_tpss_d4_lanl2dz_631gpol_Mn2.opt.xyz
RUHCON    3 | RUHCON_2    2  /dicos_ui_home/tlankau/Structures/TingYi_Data/RUHCON_2/RUHCON-oxo_2_3_tpss_d4_lanl2dz_631gpol_Co3.opt.xyz
